<?xml version="1.0" encoding="UTF-8"?>
<!-- Generated by org.testng.reporters.JUnitXMLReporter -->
<testsuite hostname="WINDOWS-4PFHOAL" ignored="0" name="Test" tests="4" failures="0" timestamp="2019-03-27T14:01:30 GMT" time="0.427" errors="0">
  <testcase name="method1" time="0.033" classname="TestCases.SampleTest"/>
  <testcase name="method2" time="0.003" classname="TestCases.SampleTest"/>
  <testcase name="testCase1" time="0.002" classname="TestCases.SeleniumTest"/>
  <testcase name="testCase2" time="0.001" classname="TestCases.SeleniumTest"/>
</testsuite> <!-- Test -->
