<?xml version="1.0" encoding="UTF-8"?>
<testsuite xmlns:xsi="http://www.w3.org/2001/XMLSchema-instance" xsi:noNamespaceSchemaLocation="https://maven.apache.org/surefire/maven-surefire-plugin/xsd/surefire-test-report-3.0.xsd" version="3.0" name="TestSuite" time="6.352" tests="4" errors="0" skipped="0" failures="0">
  <properties>
[...]
</properties>
  <testcase name="method1" classname="TestCases.SampleTest" time="0.05"/>
  <testcase name="method2" classname="TestCases.SampleTest" time="0.004"/>
  <testcase name="testCase1" classname="TestCases.SeleniumTest" time="0.002"/>
  <testcase name="testCase2" classname="TestCases.SeleniumTest" time="0.001"/>
</testsuite>