<?xml version="1.0" encoding="UTF-8"?>
<testng-results skipped="0" failed="0" ignored="0" total="4" passed="4">
  <reporter-output>
  </reporter-output>
  <suite name="Suite" duration-ms="427" started-at="2019-03-27T14:01:29 GMT" finished-at="2019-03-27T14:01:30 GMT">
    <groups>
    </groups>
    <test name="Test" duration-ms="427" started-at="2019-03-27T14:01:29 GMT" finished-at="2019-03-27T14:01:30 GMT">
      <class name="TestCases.SeleniumTest">
        <test-method status="PASS" signature="testCase1()[pri:0, instance:TestCases.SeleniumTest@51efea79]" name="testCase1" duration-ms="2" started-at="2019-03-27T14:01:30 GMT" finished-at="2019-03-27T14:01:30 GMT">
          <reporter-output>
          </reporter-output>
        </test-method> <!-- testCase1 -->
        <test-method status="PASS" signature="testCase2()[pri:0, instance:TestCases.SeleniumTest@51efea79]" name="testCase2" duration-ms="1" started-at="2019-03-27T14:01:30 GMT" finished-at="2019-03-27T14:01:30 GMT">
          <reporter-output>
          </reporter-output>
        </test-method> <!-- testCase2 -->
      </class> <!-- TestCases.SeleniumTest -->
      <class name="TestCases.SampleTest">
        <test-method status="PASS" signature="method1()[pri:0, instance:TestCases.SampleTest@6d00a15d]" name="method1" duration-ms="33" started-at="2019-03-27T14:01:30 GMT" finished-at="2019-03-27T14:01:30 GMT">
          <reporter-output>
          </reporter-output>
        </test-method> <!-- method1 -->
        <test-method status="PASS" signature="method2()[pri:0, instance:TestCases.SampleTest@6d00a15d]" name="method2" duration-ms="3" started-at="2019-03-27T14:01:30 GMT" finished-at="2019-03-27T14:01:30 GMT">
          <reporter-output>
          </reporter-output>
        </test-method> <!-- method2 -->
      </class> <!-- TestCases.SampleTest -->
    </test> <!-- Test -->
  </suite> <!-- Suite -->
</testng-results>
