<?xml version="1.0" encoding="UTF-8"?>
<testng-results skipped="0" failed="0" ignored="0" total="2" passed="2">
  <reporter-output>
  </reporter-output>
  <suite name="Default suite" duration-ms="203" started-at="2019-03-22T13:23:13Z" finished-at="2019-03-22T13:23:14Z">
    <groups>
    </groups>
    <test name="Default test" duration-ms="203" started-at="2019-03-22T13:23:13Z" finished-at="2019-03-22T13:23:14Z">
      <class name="TestCases.Sample">
        <test-method status="PASS" signature="method1()[pri:0, instance:TestCases.Sample@724af044]" name="method1" duration-ms="61" started-at="2019-03-22T13:23:14Z" finished-at="2019-03-22T13:23:14Z">
          <reporter-output>
          </reporter-output>
        </test-method> <!-- method1 -->
        <test-method status="PASS" signature="method2()[pri:0, instance:TestCases.Sample@724af044]" name="method2" duration-ms="16" started-at="2019-03-22T13:23:14Z" finished-at="2019-03-22T13:23:14Z">
          <reporter-output>
          </reporter-output>
        </test-method> <!-- method2 -->
      </class> <!-- TestCases.Sample -->
    </test> <!-- Default test -->
  </suite> <!-- Default suite -->
</testng-results>
